<?xml version="1.0" encoding="UTF-8"?>
<!-- Generated by org.testng.reporters.JUnitXMLReporter -->
<testsuite ignored="1" hostname="Thinkative" failures="0" tests="1" name="Errorvalidation order test" time="7.302" errors="0" timestamp="2024-12-30T18:20:43 IST">
  <testcase classname="Seleniumframeworkpart.Tests.Errorvalidation" name="loginErrorValidation" time="0.703"/>
  <testcase classname="Seleniumframeworkpart.Tests.Errorvalidation" name="Demo" time="0.0">
    <ignored/>
  </testcase> <!-- Demo -->
</testsuite> <!-- Errorvalidation order test -->
