<?xml version="1.0" encoding="UTF-8"?>
<!-- Generated by org.testng.reporters.JUnitXMLReporter -->
<testsuite ignored="0" hostname="Thinkative" failures="0" tests="2" name="Errorvalidation order test" time="19.406" errors="0" timestamp="2024-12-30T18:49:06 IST">
  <testcase classname="Seleniumframeworkpart.Tests.Errorvalidation" name="Demo" time="0.003"/>
  <testcase classname="Seleniumframeworkpart.Tests.Errorvalidation" name="loginErrorValidation" time="0.997"/>
</testsuite> <!-- Errorvalidation order test -->
