<?xml version="1.0" encoding="UTF-8"?>
<testng-results ignored="0" total="1" passed="1" failed="0" skipped="0">
  <reporter-output>
  </reporter-output>
  <suite started-at="2024-12-30T18:20:36 IST" name="Suite" finished-at="2024-12-30T18:20:43 IST" duration-ms="7302">
    <groups>
      <group name="Errorhandling">
        <method signature="Errorvalidation.loginErrorValidation()[pri:0, instance:Seleniumframeworkpart.Tests.Errorvalidation@3590fc5b]" name="loginErrorValidation" class="Seleniumframeworkpart.Tests.Errorvalidation"/>
      </group> <!-- Errorhandling -->
    </groups>
    <test started-at="2024-12-30T18:20:36 IST" name="Errorvalidation order test" finished-at="2024-12-30T18:20:43 IST" duration-ms="7302">
      <class name="Seleniumframeworkpart.Tests.Errorvalidation">
        <test-method is-config="true" signature="launchApplication()[pri:0, instance:Seleniumframeworkpart.Tests.Errorvalidation@3590fc5b]" started-at="2024-12-30T18:20:36 IST" name="launchApplication" finished-at="2024-12-30T18:20:42 IST" duration-ms="6242" status="PASS">
          <reporter-output>
          </reporter-output>
        </test-method> <!-- launchApplication -->
        <test-method signature="loginErrorValidation()[pri:0, instance:Seleniumframeworkpart.Tests.Errorvalidation@3590fc5b]" started-at="2024-12-30T18:20:42 IST" name="loginErrorValidation" finished-at="2024-12-30T18:20:43 IST" duration-ms="703" status="PASS">
          <reporter-output>
          </reporter-output>
        </test-method> <!-- loginErrorValidation -->
        <test-method is-config="true" signature="tearDown()[pri:0, instance:Seleniumframeworkpart.Tests.Errorvalidation@3590fc5b]" started-at="2024-12-30T18:20:43 IST" name="tearDown" finished-at="2024-12-30T18:20:43 IST" duration-ms="256" status="PASS">
          <reporter-output>
          </reporter-output>
        </test-method> <!-- tearDown -->
      </class> <!-- Seleniumframeworkpart.Tests.Errorvalidation -->
    </test> <!-- Errorvalidation order test -->
  </suite> <!-- Suite -->
</testng-results>
